2020-10-18 17:42:00.031  INFO 13688 --- [restartedMain] com.zhangzebo.SpringbootBlogApplication  : Starting SpringbootBlogApplication on LAPTOP-RU2CJQ13 with PID 13688 (D:\Code\springboot-mavemblog\target\classes started by 13636 in D:\Code\springboot-mavemblog)
2020-10-18 17:42:00.031  INFO 13688 --- [restartedMain] com.zhangzebo.SpringbootBlogApplication  : No active profile set, falling back to default profiles: default
2020-10-18 17:42:00.057  WARN 13688 --- [background-preinit] o.s.h.c.j.Jackson2ObjectMapperBuilder    : For Jackson Kotlin classes support please add "com.fasterxml.jackson.module:jackson-module-kotlin" to the classpath
2020-10-18 17:42:00.088  INFO 13688 --- [restartedMain] .e.DevToolsPropertyDefaultsPostProcessor : Devtools property defaults active! Set 'spring.devtools.add-properties' to 'false' to disable
2020-10-18 17:42:00.088  INFO 13688 --- [restartedMain] .e.DevToolsPropertyDefaultsPostProcessor : For additional web related logging consider setting the 'logging.level.web' property to 'DEBUG'
2020-10-18 17:42:01.017  INFO 13688 --- [restartedMain] o.s.b.w.embedded.tomcat.TomcatWebServer  : Tomcat initialized with port(s): 8888 (http)
2020-10-18 17:42:01.033  INFO 13688 --- [restartedMain] o.apache.catalina.core.StandardService   : Starting service [Tomcat]
2020-10-18 17:42:01.033  INFO 13688 --- [restartedMain] org.apache.catalina.core.StandardEngine  : Starting Servlet engine: [Apache Tomcat/9.0.38]
2020-10-18 17:42:01.111  INFO 13688 --- [restartedMain] o.a.c.c.C.[Tomcat].[localhost].[/]       : Initializing Spring embedded WebApplicationContext
2020-10-18 17:42:01.111  INFO 13688 --- [restartedMain] w.s.c.ServletWebServerApplicationContext : Root WebApplicationContext: initialization completed in 1023 ms
2020-10-18 17:42:01.221  INFO 13688 --- [restartedMain] com.alibaba.druid.pool.DruidDataSource   : {dataSource-1} inited
2020-10-18 17:42:01.608  INFO 13688 --- [restartedMain] o.s.b.a.h2.H2ConsoleAutoConfiguration    : H2 console available at '/h2-console'. Database available at 'jdbc:mysql://localhost:3306/springdb'
2020-10-18 17:42:02.008  INFO 13688 --- [restartedMain] o.s.s.concurrent.ThreadPoolTaskExecutor  : Initializing ExecutorService 'applicationTaskExecutor'
2020-10-18 17:42:02.055  INFO 13688 --- [restartedMain] o.s.b.a.w.s.WelcomePageHandlerMapping    : Adding welcome page template: index
2020-10-18 17:42:02.145  INFO 13688 --- [restartedMain] o.f.c.internal.license.VersionPrinter    : Flyway Community Edition 5.2.4 by Boxfuse
2020-10-18 17:42:02.147  INFO 13688 --- [restartedMain] o.f.c.internal.database.DatabaseFactory  : Database: jdbc:mysql://localhost:3306/springdb (MySQL 8.0)
2020-10-18 17:42:02.199  INFO 13688 --- [restartedMain] o.f.core.internal.command.DbValidate     : Successfully validated 5 migrations (execution time 00:00.020s)
2020-10-18 17:42:02.210  INFO 13688 --- [restartedMain] o.f.core.internal.command.DbMigrate      : Current version of schema `springdb`: 5
2020-10-18 17:42:02.211  INFO 13688 --- [restartedMain] o.f.core.internal.command.DbMigrate      : Schema `springdb` is up to date. No migration necessary.
2020-10-18 17:42:02.293  INFO 13688 --- [restartedMain] o.s.b.d.a.OptionalLiveReloadServer       : LiveReload server is running on port 35729
2020-10-18 17:42:02.324  INFO 13688 --- [restartedMain] o.s.b.w.embedded.tomcat.TomcatWebServer  : Tomcat started on port(s): 8888 (http) with context path ''
2020-10-18 17:42:02.332  INFO 13688 --- [restartedMain] com.zhangzebo.SpringbootBlogApplication  : Started SpringbootBlogApplication in 2.63 seconds (JVM running for 3.301)
2020-10-18 17:42:41.118  INFO 13688 --- [http-nio-8888-exec-1] o.a.c.c.C.[Tomcat].[localhost].[/]       : Initializing Spring DispatcherServlet 'dispatcherServlet'
2020-10-18 17:42:41.118  INFO 13688 --- [http-nio-8888-exec-1] o.s.web.servlet.DispatcherServlet        : Initializing Servlet 'dispatcherServlet'
2020-10-18 17:42:41.123  INFO 13688 --- [http-nio-8888-exec-1] o.s.web.servlet.DispatcherServlet        : Completed initialization in 5 ms
2020-10-18 17:42:41.178 DEBUG 13688 --- [http-nio-8888-exec-1] c.z.mapper.UserMapper.selectByExample    : ==>  Preparing: select ID, ACCOUNT_ID, NAME, TOKEN, GMT_CREATE, GMT_MODIFIED, avatar_url from user WHERE ( TOKEN = ? )
2020-10-18 17:42:41.184 DEBUG 13688 --- [http-nio-8888-exec-1] c.z.mapper.UserMapper.selectByExample    : ==> Parameters: 47ad5efa-7670-4220-ab1f-cfb229d9c849(String)
2020-10-18 17:42:41.193 DEBUG 13688 --- [http-nio-8888-exec-1] c.z.mapper.UserMapper.selectByExample    : <==      Total: 1
2020-10-18 17:42:41.199 DEBUG 13688 --- [http-nio-8888-exec-1] c.z.m.NotificationMapper.countByExample  : ==>  Preparing: select count(*) from notification WHERE ( receiver = ? and status = ? )
2020-10-18 17:42:41.200 DEBUG 13688 --- [http-nio-8888-exec-1] c.z.m.NotificationMapper.countByExample  : ==> Parameters: 1(Long), 0(Integer)
2020-10-18 17:42:41.201 DEBUG 13688 --- [http-nio-8888-exec-1] c.z.m.NotificationMapper.countByExample  : <==      Total: 1
2020-10-18 17:42:41.222 DEBUG 13688 --- [http-nio-8888-exec-1] c.z.m.QuestionMapperExt.countBySearch    : ==>  Preparing: select count(*) from question
2020-10-18 17:42:41.222 DEBUG 13688 --- [http-nio-8888-exec-1] c.z.m.QuestionMapperExt.countBySearch    : ==> Parameters: 
2020-10-18 17:42:41.224 DEBUG 13688 --- [http-nio-8888-exec-1] c.z.m.QuestionMapperExt.countBySearch    : <==      Total: 1
2020-10-18 17:42:41.225 DEBUG 13688 --- [http-nio-8888-exec-1] c.z.m.QuestionMapperExt.selectBySearch   : ==>  Preparing: select * from question order by gmt_create desc limit ?, ?
2020-10-18 17:42:41.225 DEBUG 13688 --- [http-nio-8888-exec-1] c.z.m.QuestionMapperExt.selectBySearch   : ==> Parameters: 0(Integer), 5(Integer)
2020-10-18 17:42:41.228 DEBUG 13688 --- [http-nio-8888-exec-1] c.z.m.QuestionMapperExt.selectBySearch   : <==      Total: 5
2020-10-18 17:42:41.230 DEBUG 13688 --- [http-nio-8888-exec-1] c.z.m.UserMapper.selectByPrimaryKey      : ==>  Preparing: select ID, ACCOUNT_ID, NAME, TOKEN, GMT_CREATE, GMT_MODIFIED, avatar_url from user where ID = ?
2020-10-18 17:42:41.230 DEBUG 13688 --- [http-nio-8888-exec-1] c.z.m.UserMapper.selectByPrimaryKey      : ==> Parameters: 1(Long)
2020-10-18 17:42:41.231 DEBUG 13688 --- [http-nio-8888-exec-1] c.z.m.UserMapper.selectByPrimaryKey      : <==      Total: 1
2020-10-18 17:42:41.238 DEBUG 13688 --- [http-nio-8888-exec-1] c.z.m.UserMapper.selectByPrimaryKey      : ==>  Preparing: select ID, ACCOUNT_ID, NAME, TOKEN, GMT_CREATE, GMT_MODIFIED, avatar_url from user where ID = ?
2020-10-18 17:42:41.239 DEBUG 13688 --- [http-nio-8888-exec-1] c.z.m.UserMapper.selectByPrimaryKey      : ==> Parameters: 1(Long)
2020-10-18 17:42:41.240 DEBUG 13688 --- [http-nio-8888-exec-1] c.z.m.UserMapper.selectByPrimaryKey      : <==      Total: 1
2020-10-18 17:42:41.241 DEBUG 13688 --- [http-nio-8888-exec-1] c.z.m.UserMapper.selectByPrimaryKey      : ==>  Preparing: select ID, ACCOUNT_ID, NAME, TOKEN, GMT_CREATE, GMT_MODIFIED, avatar_url from user where ID = ?
2020-10-18 17:42:41.241 DEBUG 13688 --- [http-nio-8888-exec-1] c.z.m.UserMapper.selectByPrimaryKey      : ==> Parameters: 1(Long)
2020-10-18 17:42:41.242 DEBUG 13688 --- [http-nio-8888-exec-1] c.z.m.UserMapper.selectByPrimaryKey      : <==      Total: 1
2020-10-18 17:42:41.243 DEBUG 13688 --- [http-nio-8888-exec-1] c.z.m.UserMapper.selectByPrimaryKey      : ==>  Preparing: select ID, ACCOUNT_ID, NAME, TOKEN, GMT_CREATE, GMT_MODIFIED, avatar_url from user where ID = ?
2020-10-18 17:42:41.243 DEBUG 13688 --- [http-nio-8888-exec-1] c.z.m.UserMapper.selectByPrimaryKey      : ==> Parameters: 1(Long)
2020-10-18 17:42:41.245 DEBUG 13688 --- [http-nio-8888-exec-1] c.z.m.UserMapper.selectByPrimaryKey      : <==      Total: 1
2020-10-18 17:42:41.245 DEBUG 13688 --- [http-nio-8888-exec-1] c.z.m.UserMapper.selectByPrimaryKey      : ==>  Preparing: select ID, ACCOUNT_ID, NAME, TOKEN, GMT_CREATE, GMT_MODIFIED, avatar_url from user where ID = ?
2020-10-18 17:42:41.246 DEBUG 13688 --- [http-nio-8888-exec-1] c.z.m.UserMapper.selectByPrimaryKey      : ==> Parameters: 1(Long)
2020-10-18 17:42:41.247 DEBUG 13688 --- [http-nio-8888-exec-1] c.z.m.UserMapper.selectByPrimaryKey      : <==      Total: 1
2020-10-18 17:42:41.546 DEBUG 13688 --- [http-nio-8888-exec-4] c.z.mapper.UserMapper.selectByExample    : ==>  Preparing: select ID, ACCOUNT_ID, NAME, TOKEN, GMT_CREATE, GMT_MODIFIED, avatar_url from user WHERE ( TOKEN = ? )
2020-10-18 17:42:41.548 DEBUG 13688 --- [http-nio-8888-exec-4] c.z.mapper.UserMapper.selectByExample    : ==> Parameters: 47ad5efa-7670-4220-ab1f-cfb229d9c849(String)
2020-10-18 17:42:41.550 DEBUG 13688 --- [http-nio-8888-exec-4] c.z.mapper.UserMapper.selectByExample    : <==      Total: 1
2020-10-18 17:42:41.550 DEBUG 13688 --- [http-nio-8888-exec-2] c.z.mapper.UserMapper.selectByExample    : ==>  Preparing: select ID, ACCOUNT_ID, NAME, TOKEN, GMT_CREATE, GMT_MODIFIED, avatar_url from user WHERE ( TOKEN = ? )
2020-10-18 17:42:41.552 DEBUG 13688 --- [http-nio-8888-exec-2] c.z.mapper.UserMapper.selectByExample    : ==> Parameters: 47ad5efa-7670-4220-ab1f-cfb229d9c849(String)
2020-10-18 17:42:41.554 DEBUG 13688 --- [http-nio-8888-exec-2] c.z.mapper.UserMapper.selectByExample    : <==      Total: 1
2020-10-18 17:42:41.555 DEBUG 13688 --- [http-nio-8888-exec-3] c.z.mapper.UserMapper.selectByExample    : ==>  Preparing: select ID, ACCOUNT_ID, NAME, TOKEN, GMT_CREATE, GMT_MODIFIED, avatar_url from user WHERE ( TOKEN = ? )
2020-10-18 17:42:41.555 DEBUG 13688 --- [http-nio-8888-exec-3] c.z.mapper.UserMapper.selectByExample    : ==> Parameters: 47ad5efa-7670-4220-ab1f-cfb229d9c849(String)
2020-10-18 17:42:41.557 DEBUG 13688 --- [http-nio-8888-exec-3] c.z.mapper.UserMapper.selectByExample    : <==      Total: 1
2020-10-18 17:42:41.558 DEBUG 13688 --- [http-nio-8888-exec-4] c.z.m.NotificationMapper.countByExample  : ==>  Preparing: select count(*) from notification WHERE ( receiver = ? and status = ? )
2020-10-18 17:42:41.559 DEBUG 13688 --- [http-nio-8888-exec-4] c.z.m.NotificationMapper.countByExample  : ==> Parameters: 1(Long), 0(Integer)
2020-10-18 17:42:41.562 DEBUG 13688 --- [http-nio-8888-exec-4] c.z.m.NotificationMapper.countByExample  : <==      Total: 1
2020-10-18 17:42:41.563 DEBUG 13688 --- [http-nio-8888-exec-5] c.z.mapper.UserMapper.selectByExample    : ==>  Preparing: select ID, ACCOUNT_ID, NAME, TOKEN, GMT_CREATE, GMT_MODIFIED, avatar_url from user WHERE ( TOKEN = ? )
2020-10-18 17:42:41.563 DEBUG 13688 --- [http-nio-8888-exec-5] c.z.mapper.UserMapper.selectByExample    : ==> Parameters: 47ad5efa-7670-4220-ab1f-cfb229d9c849(String)
2020-10-18 17:42:41.565 DEBUG 13688 --- [http-nio-8888-exec-2] c.z.m.NotificationMapper.countByExample  : ==>  Preparing: select count(*) from notification WHERE ( receiver = ? and status = ? )
2020-10-18 17:42:41.565 DEBUG 13688 --- [http-nio-8888-exec-5] c.z.mapper.UserMapper.selectByExample    : <==      Total: 1
2020-10-18 17:42:41.565 DEBUG 13688 --- [http-nio-8888-exec-2] c.z.m.NotificationMapper.countByExample  : ==> Parameters: 1(Long), 0(Integer)
2020-10-18 17:42:41.567 DEBUG 13688 --- [http-nio-8888-exec-3] c.z.m.NotificationMapper.countByExample  : ==>  Preparing: select count(*) from notification WHERE ( receiver = ? and status = ? )
2020-10-18 17:42:41.568 DEBUG 13688 --- [http-nio-8888-exec-2] c.z.m.NotificationMapper.countByExample  : <==      Total: 1
2020-10-18 17:42:41.569 DEBUG 13688 --- [http-nio-8888-exec-3] c.z.m.NotificationMapper.countByExample  : ==> Parameters: 1(Long), 0(Integer)
2020-10-18 17:42:41.569 DEBUG 13688 --- [http-nio-8888-exec-6] c.z.mapper.UserMapper.selectByExample    : ==>  Preparing: select ID, ACCOUNT_ID, NAME, TOKEN, GMT_CREATE, GMT_MODIFIED, avatar_url from user WHERE ( TOKEN = ? )
2020-10-18 17:42:41.570 DEBUG 13688 --- [http-nio-8888-exec-6] c.z.mapper.UserMapper.selectByExample    : ==> Parameters: 47ad5efa-7670-4220-ab1f-cfb229d9c849(String)
2020-10-18 17:42:41.572 DEBUG 13688 --- [http-nio-8888-exec-6] c.z.mapper.UserMapper.selectByExample    : <==      Total: 1
2020-10-18 17:42:41.573 DEBUG 13688 --- [http-nio-8888-exec-3] c.z.m.NotificationMapper.countByExample  : <==      Total: 1
2020-10-18 17:42:41.574 DEBUG 13688 --- [http-nio-8888-exec-5] c.z.m.NotificationMapper.countByExample  : ==>  Preparing: select count(*) from notification WHERE ( receiver = ? and status = ? )
2020-10-18 17:42:41.575 DEBUG 13688 --- [http-nio-8888-exec-6] c.z.m.NotificationMapper.countByExample  : ==>  Preparing: select count(*) from notification WHERE ( receiver = ? and status = ? )
2020-10-18 17:42:41.575 DEBUG 13688 --- [http-nio-8888-exec-5] c.z.m.NotificationMapper.countByExample  : ==> Parameters: 1(Long), 0(Integer)
2020-10-18 17:42:41.575 DEBUG 13688 --- [http-nio-8888-exec-6] c.z.m.NotificationMapper.countByExample  : ==> Parameters: 1(Long), 0(Integer)
2020-10-18 17:42:41.577 DEBUG 13688 --- [http-nio-8888-exec-6] c.z.m.NotificationMapper.countByExample  : <==      Total: 1
2020-10-18 17:42:41.577 DEBUG 13688 --- [http-nio-8888-exec-5] c.z.m.NotificationMapper.countByExample  : <==      Total: 1
2020-10-18 17:42:41.641 DEBUG 13688 --- [http-nio-8888-exec-7] c.z.mapper.UserMapper.selectByExample    : ==>  Preparing: select ID, ACCOUNT_ID, NAME, TOKEN, GMT_CREATE, GMT_MODIFIED, avatar_url from user WHERE ( TOKEN = ? )
2020-10-18 17:42:41.642 DEBUG 13688 --- [http-nio-8888-exec-7] c.z.mapper.UserMapper.selectByExample    : ==> Parameters: 47ad5efa-7670-4220-ab1f-cfb229d9c849(String)
2020-10-18 17:42:41.643 DEBUG 13688 --- [http-nio-8888-exec-7] c.z.mapper.UserMapper.selectByExample    : <==      Total: 1
2020-10-18 17:42:41.644 DEBUG 13688 --- [http-nio-8888-exec-7] c.z.m.NotificationMapper.countByExample  : ==>  Preparing: select count(*) from notification WHERE ( receiver = ? and status = ? )
2020-10-18 17:42:41.645 DEBUG 13688 --- [http-nio-8888-exec-7] c.z.m.NotificationMapper.countByExample  : ==> Parameters: 1(Long), 0(Integer)
2020-10-18 17:42:41.646 DEBUG 13688 --- [http-nio-8888-exec-7] c.z.m.NotificationMapper.countByExample  : <==      Total: 1
